<?xml version="1.0" encoding="UTF-8"?>
<!-- Generated by org.testng.reporters.JUnitXMLReporter -->
<testsuite ignored="0" hostname="DESKTOP-8Q0CRCJ" failures="0" tests="3" name="Default test" time="5.615" errors="0" timestamp="2020-12-25T15:41:30 IST">
  <testcase classname="Test.getpostmethodTest" name="testFirst" time="3.818"/>
  <testcase classname="Test.getpostmethodTest" name="testSecond" time="0.859"/>
  <testcase classname="Test.getpostmethodTest" name="testThird" time="0.719"/>
</testsuite> <!-- Default test -->
