<?xml version="1.0" encoding="UTF-8"?>
<!-- Generated by org.testng.reporters.JUnitXMLReporter -->
<testsuite ignored="0" hostname="DESKTOP-8Q0CRCJ" failures="0" tests="3" name="Default test" time="9.755" errors="0" timestamp="2020-12-25T15:46:24 IST">
  <testcase classname="Test.getpostmethodTest" name="testFirst" time="6.963"/>
  <testcase classname="Test.getpostmethodTest" name="testSecond" time="0.614"/>
  <testcase classname="Test.getpostmethodTest" name="testThird" time="1.805"/>
</testsuite> <!-- Default test -->
