<?xml version="1.0" encoding="UTF-8"?>
<testng-results ignored="0" total="3" passed="3" failed="0" skipped="0">
  <reporter-output>
  </reporter-output>
  <suite started-at="2020-12-25T15:46:15 IST" name="Default suite" finished-at="2020-12-25T15:46:24 IST" duration-ms="9755">
    <groups>
    </groups>
    <test started-at="2020-12-25T15:46:15 IST" name="Default test" finished-at="2020-12-25T15:46:24 IST" duration-ms="9755">
      <class name="Test.getpostmethodTest">
        <test-method is-config="true" signature="extentrepo()[pri:0, instance:Test.getpostmethodTest@647fd8ce]" started-at="2020-12-25T15:46:15 IST" name="extentrepo" finished-at="2020-12-25T15:46:15 IST" duration-ms="275" status="PASS">
          <reporter-output>
          </reporter-output>
        </test-method> <!-- extentrepo -->
        <test-method signature="testFirst()[pri:0, instance:Test.getpostmethodTest@647fd8ce]" started-at="2020-12-25T15:46:15 IST" name="testFirst" finished-at="2020-12-25T15:46:22 IST" duration-ms="6963" status="PASS">
          <reporter-output>
          </reporter-output>
        </test-method> <!-- testFirst -->
        <test-method signature="testSecond()[pri:0, instance:Test.getpostmethodTest@647fd8ce]" started-at="2020-12-25T15:46:22 IST" name="testSecond" finished-at="2020-12-25T15:46:22 IST" duration-ms="614" status="PASS">
          <reporter-output>
          </reporter-output>
        </test-method> <!-- testSecond -->
        <test-method signature="testThird()[pri:0, instance:Test.getpostmethodTest@647fd8ce]" started-at="2020-12-25T15:46:22 IST" name="testThird" finished-at="2020-12-25T15:46:24 IST" duration-ms="1805" status="PASS">
          <reporter-output>
          </reporter-output>
        </test-method> <!-- testThird -->
      </class> <!-- Test.getpostmethodTest -->
    </test> <!-- Default test -->
  </suite> <!-- Default suite -->
</testng-results>
