<?xml version="1.0" encoding="UTF-8"?>
<testng-results ignored="0" total="3" passed="3" failed="0" skipped="0">
  <reporter-output>
  </reporter-output>
  <suite started-at="2020-12-25T15:41:24 IST" name="Default suite" finished-at="2020-12-25T15:41:30 IST" duration-ms="5615">
    <groups>
    </groups>
    <test started-at="2020-12-25T15:41:24 IST" name="Default test" finished-at="2020-12-25T15:41:30 IST" duration-ms="5615">
      <class name="Test.getpostmethodTest">
        <test-method is-config="true" signature="extentrepo()[pri:0, instance:Test.getpostmethodTest@647fd8ce]" started-at="2020-12-25T15:41:24 IST" name="extentrepo" finished-at="2020-12-25T15:41:25 IST" duration-ms="174" status="PASS">
          <reporter-output>
          </reporter-output>
        </test-method> <!-- extentrepo -->
        <test-method signature="testFirst()[pri:0, instance:Test.getpostmethodTest@647fd8ce]" started-at="2020-12-25T15:41:25 IST" name="testFirst" finished-at="2020-12-25T15:41:28 IST" duration-ms="3818" status="PASS">
          <reporter-output>
          </reporter-output>
        </test-method> <!-- testFirst -->
        <test-method signature="testSecond()[pri:0, instance:Test.getpostmethodTest@647fd8ce]" started-at="2020-12-25T15:41:28 IST" name="testSecond" finished-at="2020-12-25T15:41:29 IST" duration-ms="859" status="PASS">
          <reporter-output>
          </reporter-output>
        </test-method> <!-- testSecond -->
        <test-method signature="testThird()[pri:0, instance:Test.getpostmethodTest@647fd8ce]" started-at="2020-12-25T15:41:29 IST" name="testThird" finished-at="2020-12-25T15:41:30 IST" duration-ms="719" status="PASS">
          <reporter-output>
          </reporter-output>
        </test-method> <!-- testThird -->
      </class> <!-- Test.getpostmethodTest -->
    </test> <!-- Default test -->
  </suite> <!-- Default suite -->
</testng-results>
